### ISSUE TITLE
Null pointer dereference in gum_exec_block_backpatch_inline_cache

### ISSUE THREAD

**Issue by plowsec** [frida/frida-gum#1032]
[debug.zip](https://github.com/user-attachments/files/20452329/debug.zip)

Hi there!

Thanks a lot for this awesome tooling :)

I'd like to report a bug that is beyond my skills to fix, otherwise I would have gladly helped. I first reported it on the AFL++ repo here:

https://github.com/AFLplusplus/AFLplusplus/issues/2454

tl;dr: when using afl++ with frida mode, on crashing targets, a null pointer dereference happens after a while in `gum_exec_block_backpatch_inline_cache`:

```
gdb ./placeholder core
GNU gdb (Ubuntu 15.0.50.20240403-0ubuntu1) 15.0.50.20240403-git
Copyright (C) 2024 Free Software Foundation, Inc.
License GPLv3+: GNU GPL version 3 or later <http://gnu.org/licenses/gpl.html>
This is free software: you are free to change and redistribute it.
There is NO WARRANTY, to the extent permitted by law.
Type "show copying" and "show warranty" for details.
This GDB was configured as "aarch64-linux-gnu".
Type "show configuration" for configuration details.
For bug reporting instructions, please see:
<https://www.gnu.org/software/gdb/bugs/>.
Find the GDB manual and other documentation resources online at:
    <http://www.gnu.org/software/gdb/documentation/>.

For help, type "help".
Type "apropos word" to search for commands related to "word"...
pwndbg: loaded 190 pwndbg commands. Type pwndbg [filter] for a list.
pwndbg: created 13 GDB functions (can be used with print/break). Type help function to see them.
Reading symbols from ./placeholder...
(No debugging symbols found in ./placeholder)

warning: Can't open file /SYSV00000000 (deleted) during file-backed mapping note processing
[New LWP 2966801]
[Thread debugging using libthread_db enabled]
Using host libthread_db library "/lib/aarch64-linux-gnu/libthread_db.so.1".
Core was generated by `./placeholder /home/lol/AFLplusplus/experiment/out/default/.cur_input'.
Program terminated with signal SIGSEGV, Segmentation fault.
#0  0x0000fffff70b029c in gum_exec_block_backpatch_inline_cache (block=block@entry=0xfffff6775540, from=0xfffff67754d8, from_insn=from_insn@entry=0xfffff68106ec <memcpy@plt+12>)
    at ../../../frida-gum/gum/backend-arm64/gumstalker-arm64.c:4189

warning: 4189	../../../frida-gum/gum/backend-arm64/gumstalker-arm64.c: No such file or directory
------- tip of the day (disable with set show-tips off) -------
Need to mmap or mprotect memory in the debugee? Use commands with the same name to inject and run such syscalls
LEGEND: STACK | HEAP | CODE | DATA | WX | RODATA
────────────────────────────────────────────────────────────────────────[ REGISTERS / show-flags off / show-compact-regs off ]─────────────────────────────────────────────────────────────────────────
 X0   0
 X1   0
 X2   0x300
 X3   0xfffff68ebce0 —▸ 0xfffff6627400 ◂— 0
 X4   0
 X5   0xfffff68ebce0 —▸ 0xfffff6627400 ◂— 0
 X6   0xfffff68ebac0 ◂— 0
 X7   0xfffffd6d
 X8   0x31
 X9   0xfffff673792c ◂— ldp x16, x17, [sp], #0x90
 X10  0x37
 X11  0xfffff6e3e330 ◂— 1
 X12  0xffffffffca40 ◂— 0x3333333333333333 ('33333333')
 X13  0xfffff7393360 ◂— fcmla v15.8h, v1.8h, v18.h[1], #270 /* '/proc/%u/maps' */
 X14  1
 X15  0xffffffffc8d8 ◂— 0xfffffbad8001
 X16  0xfffff7a302b0 (memset@got[plt]) —▸ 0xfffff6d12ec0 (__memset_zva64) ◂— nop 
 X17  0xfffff6d12ec0 (__memset_zva64) ◂— nop 
 X18  0xfffff6e21350 (_nl_global_locale) —▸ 0xfffff6e1d2a8 (_nl_C_LC_CTYPE) —▸ 0xfffff6dcc710 (_nl_C_name) ◂— udf #0x43 /* 'C' */
 X19  0xfffff6775540 —▸ 0xfffff67754d8 —▸ 0xfffff6775470 —▸ 0xfffff6775408 —▸ 0xfffff67753a0 ◂— ...
 X20  0xfffff6732000 ◂— udf #0
 X21  0
 X22  0xfffff68106ec (memcpy@plt+12) ◂— br x17
 X23  0xfffff67754d8 —▸ 0xfffff6775470 —▸ 0xfffff6775408 —▸ 0xfffff67753a0 —▸ 0xfffff6775338 ◂— ...
 X24  0x20
 X25  0x10008
 X26  0xfffff6844810 —▸ 0xfffff6849070 —▸ 0xfffff68d7800 ◂— 2
 X27  0xfffff68106e0 (memcpy@plt) ◂— adrp x16, memcpy@got[plt]
 X28  0xfffff6d11a80 (__memcpy_generic) ◂— nop 
 X29  0xffffffffeb20 —▸ 0xffffffffebb0 —▸ 0xffffffffec20 —▸ 0xffffffffec80 —▸ 0xffffffffed40 ◂— ...
 SP   0xffffffffeb20 —▸ 0xffffffffebb0 —▸ 0xffffffffec20 —▸ 0xffffffffec80 —▸ 0xffffffffed40 ◂— ...
 LR   0xfffff70b0214 (gum_exec_block_backpatch_inline_cache+88) ◂— ldr x21, [x23, #0x60]
 PC   0xfffff70b029c (gum_exec_block_backpatch_inline_cache+224) ◂— ldr x1, [x21, x1]
─────────────────────────────────────────────────────────────────────────────────[ DISASM / aarch64 / set emulate on ]─────────────────────────────────────────────────────────────────────────────────
 ► 0xfffff70b029c <gum_exec_block_backpatch_inline_cache+224>    ldr    x1, [x21, x1]     <Cannot dereference [0]>
   0xfffff70b02a0 <gum_exec_block_backpatch_inline_cache+228>    cbz    x1, gum_exec_block_backpatch_inline_cache+112 <gum_exec_block_backpatch_inline_cache+112>
 
   0xfffff70b02a4 <gum_exec_block_backpatch_inline_cache+232>    ldr    x2, [x19, #0x28]
   0xfffff70b02a8 <gum_exec_block_backpatch_inline_cache+236>    add    x0, x0, #1
   0xfffff70b02ac <gum_exec_block_backpatch_inline_cache+240>    cmp    x1, x2
   0xfffff70b02b0 <gum_exec_block_backpatch_inline_cache+244>    b.ne   gum_exec_block_backpatch_inline_cache+104 <gum_exec_block_backpatch_inline_cache+104>
 
   0xfffff70b02b4 <gum_exec_block_backpatch_inline_cache+248>    ldp    x19, x20, [sp, #0x10]
   0xfffff70b02b8 <gum_exec_block_backpatch_inline_cache+252>    ldp    x21, x22, [sp, #0x20]
   0xfffff70b02bc <gum_exec_block_backpatch_inline_cache+256>    ldp    x23, x24, [sp, #0x30]
   0xfffff70b02c0 <gum_exec_block_backpatch_inline_cache+260>    ldr    x25, [sp, #0x40]
   0xfffff70b02c4 <gum_exec_block_backpatch_inline_cache+264>    ldp    x29, x30, [sp], #0x90
───────────────────────────────────────────────────────────────────────────────────────────────[ STACK ]───────────────────────────────────────────────────────────────────────────────────────────────
00:0000│ x29 sp 0xffffffffeb20 —▸ 0xffffffffebb0 —▸ 0xffffffffec20 —▸ 0xffffffffec80 —▸ 0xffffffffed40 ◂— ...
01:0008│        0xffffffffeb28 —▸ 0xfffff70b3144 (gum_stalker_prefetch_backpatch+212) ◂— b gum_stalker_prefetch_backpatch+148
02:0010│        0xffffffffeb30 —▸ 0xfffff678f048 ◂— 0xffff00000002
03:0018│        0xffffffffeb38 —▸ 0xfffff68106ec (memcpy@plt+12) ◂— br x17
04:0020│        0xffffffffeb40 —▸ 0xfffff6775540 —▸ 0xfffff67754d8 —▸ 0xfffff6775470 —▸ 0xfffff6775408 ◂— ...
05:0028│        0xffffffffeb48 —▸ 0xfffff6844810 —▸ 0xfffff6849070 —▸ 0xfffff68d7800 ◂— 2
06:0030│        0xffffffffeb50 —▸ 0xfffff6732000 ◂— udf #0
07:0038│        0xffffffffeb58 —▸ 0xfffff7d6c000 (instrument_cache_size) ◂— 0
─────────────────────────────────────────────────────────────────────────────────────────────[ BACKTRACE ]─────────────────────────────────────────────────────────────────────────────────────────────
 ► 0   0xfffff70b029c gum_exec_block_backpatch_inline_cache+224
   1   0xfffff70b3144 gum_stalker_prefetch_backpatch+212
   2   0xfffff7085a20 prefetch_read+560
   3   0xfffff7085a20 prefetch_read+560
   4   0xfffff7085afc prefetch_on_fork+12
   5   0xaaaaaaaa240c None
   6              0x2 None
───────────────────────────────────────────────────────────────────────────────────────────────────────────────────────────────────────────────────────────────────────────────────────────────────────
pwndbg> 
```
